  Game.cpp
d:\dev\sfml\tanks\tanks\tanks\game.cpp(85): warning C4244: 'argument': conversion from 'T' to 'T', possible loss of data
          with
          [
              T=float
          ]
          and
          [
              T=int
          ]
  Player.cpp
d:\dev\sfml\tanks\tanks\tanks\player.cpp(4): warning C4244: 'initializing': conversion from 'double' to 'float', possible loss of data
d:\dev\sfml\tanks\tanks\tanks\player.cpp(4): warning C4244: 'initializing': conversion from 'double' to 'const float', possible loss of data
d:\dev\sfml\tanks\tanks\tanks\player.cpp(132): warning C4244: 'initializing': conversion from 'const T' to 'int', possible loss of data
          with
          [
              T=float
          ]
d:\dev\sfml\tanks\tanks\tanks\player.cpp(133): warning C4244: 'initializing': conversion from 'T' to 'int', possible loss of data
          with
          [
              T=float
          ]
d:\dev\sfml\tanks\tanks\tanks\player.cpp(174): warning C4244: 'initializing': conversion from 'double' to 'float', possible loss of data
d:\dev\sfml\tanks\tanks\tanks\player.cpp(177): warning C4244: '=': conversion from 'int' to 'float', possible loss of data
d:\dev\sfml\tanks\tanks\tanks\player.cpp(193): warning C4244: 'initializing': conversion from 'double' to 'float', possible loss of data
d:\dev\sfml\tanks\tanks\tanks\player.cpp(196): warning C4244: '=': conversion from 'int' to 'float', possible loss of data
  Terrain.cpp
d:\dev\sfml\tanks\tanks\tanks\terrain.cpp(91): warning C4244: '/=': conversion from 'float' to 'T', possible loss of data
          with
          [
              T=int
          ]
d:\dev\sfml\tanks\tanks\tanks\terrain.cpp(92): warning C4244: '/=': conversion from 'float' to 'T', possible loss of data
          with
          [
              T=int
          ]
d:\dev\sfml\tanks\tanks\tanks\terrain.cpp(102): warning C4244: 'argument': conversion from 'T' to 'T', possible loss of data
          with
          [
              T=int
          ]
          and
          [
              T=float
          ]
d:\dev\sfml\tanks\tanks\tanks\terrain.cpp(146): warning C4244: '=': conversion from 'float' to 'int', possible loss of data
d:\dev\sfml\tanks\tanks\tanks\terrain.cpp(162): warning C4244: '=': conversion from 'double' to 'int', possible loss of data
d:\dev\sfml\tanks\tanks\tanks\terrain.cpp(167): warning C4244: '=': conversion from 'double' to 'int', possible loss of data
  main.cpp
  Generating code
  3 of 455 functions ( 0.7%) were compiled, the rest were copied from previous compilation.
    0 functions were new in current compilation
    1 functions had inline decision re-evaluated but remain unchanged
  Finished generating code
  tanks.vcxproj -> D:\dev\sfml\tanks\tanks\x64\Release\tanks.exe
